c:\users\david\documents\github\dsgl\dsgl\dsgl\debug\vc140.pdb
c:\users\david\documents\github\dsgl\dsgl\dsgl\debug\vc140.idb
c:\users\david\documents\github\dsgl\dsgl\dsgl\debug\camera.obj
c:\users\david\documents\github\dsgl\dsgl\dsgl\debug\component.obj
c:\users\david\documents\github\dsgl\dsgl\dsgl\debug\firstpersoncontrol.obj
c:\users\david\documents\github\dsgl\dsgl\dsgl\debug\math_3d.obj
c:\users\david\documents\github\dsgl\dsgl\dsgl\debug\model.obj
c:\users\david\documents\github\dsgl\dsgl\dsgl\debug\node.obj
c:\users\david\documents\github\dsgl\dsgl\dsgl\debug\pipeline.obj
c:\users\david\documents\github\dsgl\dsgl\dsgl\debug\scenegraph.obj
c:\users\david\documents\github\dsgl\dsgl\dsgl\debug\shadermanager.obj
c:\users\david\documents\github\dsgl\dsgl\dsgl\debug\source.obj
c:\users\david\documents\github\dsgl\dsgl\debug\dsgl.ilk
c:\users\david\documents\github\dsgl\dsgl\debug\dsgl.exe
c:\users\david\documents\github\dsgl\dsgl\debug\dsgl.pdb
c:\users\david\documents\github\dsgl\dsgl\dsgl\debug\dsgl.res
c:\users\david\documents\github\dsgl\dsgl\dsgl\debug\dsgl.tlog\cl.command.1.tlog
c:\users\david\documents\github\dsgl\dsgl\dsgl\debug\dsgl.tlog\cl.read.1.tlog
c:\users\david\documents\github\dsgl\dsgl\dsgl\debug\dsgl.tlog\cl.write.1.tlog
c:\users\david\documents\github\dsgl\dsgl\dsgl\debug\dsgl.tlog\link.command.1.tlog
c:\users\david\documents\github\dsgl\dsgl\dsgl\debug\dsgl.tlog\link.read.1.tlog
c:\users\david\documents\github\dsgl\dsgl\dsgl\debug\dsgl.tlog\link.write.1.tlog
c:\users\david\documents\github\dsgl\dsgl\dsgl\debug\dsgl.tlog\rc.command.1.tlog
c:\users\david\documents\github\dsgl\dsgl\dsgl\debug\dsgl.tlog\rc.read.1.tlog
c:\users\david\documents\github\dsgl\dsgl\dsgl\debug\dsgl.tlog\rc.write.1.tlog
